  3-2.cpp
D:\GitHub\Window_programming\window_program_1\Project3-2\3-2.cpp(52,16): warning C4244: 'return': 'WPARAM'에서 'int'(으)로 변환하면서 데이터가 손실될 수 있습니다.
D:\GitHub\Window_programming\window_program_1\Project3-2\3-2.cpp(61,2): warning C4091: 'typedef ': 변수를 선언하지 않으면 'BRICK' 왼쪽은 무시됩니다.
D:\GitHub\Window_programming\window_program_1\Project3-2\3-2.cpp(63,23): error C2143: 구문 오류: ')'이(가) '*' 앞에 없습니다.
D:\GitHub\Window_programming\window_program_1\Project3-2\3-2.cpp(63,23): error C2143: 구문 오류: ','이(가) '*' 앞에 없습니다.
D:\GitHub\Window_programming\window_program_1\Project3-2\3-2.cpp(63,31): error C2062: 예기치 않은 'int' 형식입니다.
D:\GitHub\Window_programming\window_program_1\Project3-2\3-2.cpp(63,77): error C2059: 구문 오류: ')'
D:\GitHub\Window_programming\window_program_1\Project3-2\3-2.cpp(63,79): error C2143: 구문 오류: ';'이(가) '{' 앞에 없습니다.
D:\GitHub\Window_programming\window_program_1\Project3-2\3-2.cpp(63,79): error C2447: '{': 함수 헤더가 없습니다. 이전 스타일의 형식 목록입니까?
D:\GitHub\Window_programming\window_program_1\Project3-2\3-2.cpp(89,15): error C2065: 'BRICK_X': 선언되지 않은 식별자입니다.
D:\GitHub\Window_programming\window_program_1\Project3-2\3-2.cpp(89,22): error C2065: 'BRICK_X': 선언되지 않은 식별자입니다.
D:\GitHub\Window_programming\window_program_1\Project3-2\3-2.cpp(114,13): error C2065: 'BRICK_X': 선언되지 않은 식별자입니다.
D:\GitHub\Window_programming\window_program_1\Project3-2\3-2.cpp(114,3): error C2660: 'InitBRICK': 함수는 5개의 인수를 사용하지 않습니다.
  D:\GitHub\Window_programming\window_program_1\Project3-2\3-2.cpp(63,6):
  'InitBRICK' 선언을 참조하십시오.
  D:\GitHub\Window_programming\window_program_1\Project3-2\3-2.cpp(114,3):
  인수 목록 '()'을(를) 일치시키는 동안
  
D:\GitHub\Window_programming\window_program_1\Project3-2\3-2.cpp(119,7): error C2065: 'BRICK_X': 선언되지 않은 식별자입니다.
D:\GitHub\Window_programming\window_program_1\Project3-2\3-2.cpp(121,5): error C2065: 'BRICK_X': 선언되지 않은 식별자입니다.
D:\GitHub\Window_programming\window_program_1\Project3-2\3-2.cpp(121,20): error C2065: 'BRICK_X': 선언되지 않은 식별자입니다.
D:\GitHub\Window_programming\window_program_1\Project3-2\3-2.cpp(122,5): error C2065: 'BRICK_X': 선언되지 않은 식별자입니다.
D:\GitHub\Window_programming\window_program_1\Project3-2\3-2.cpp(122,20): error C2065: 'BRICK_X': 선언되지 않은 식별자입니다.
D:\GitHub\Window_programming\window_program_1\Project3-2\3-2.cpp(129,7): error C2065: 'BRICK_X': 선언되지 않은 식별자입니다.
D:\GitHub\Window_programming\window_program_1\Project3-2\3-2.cpp(131,5): error C2065: 'BRICK_X': 선언되지 않은 식별자입니다.
D:\GitHub\Window_programming\window_program_1\Project3-2\3-2.cpp(131,20): error C2065: 'BRICK_X': 선언되지 않은 식별자입니다.
D:\GitHub\Window_programming\window_program_1\Project3-2\3-2.cpp(132,5): error C2065: 'BRICK_X': 선언되지 않은 식별자입니다.
D:\GitHub\Window_programming\window_program_1\Project3-2\3-2.cpp(132,20): error C2065: 'BRICK_X': 선언되지 않은 식별자입니다.
D:\GitHub\Window_programming\window_program_1\Project3-2\3-2.cpp(144,6): error C2065: 'BRICK_X': 선언되지 않은 식별자입니다.
D:\GitHub\Window_programming\window_program_1\Project3-2\3-2.cpp(144,21): error C2065: 'BRICK_X': 선언되지 않은 식별자입니다.
D:\GitHub\Window_programming\window_program_1\Project3-2\3-2.cpp(145,6): error C2065: 'BRICK_X': 선언되지 않은 식별자입니다.
D:\GitHub\Window_programming\window_program_1\Project3-2\3-2.cpp(145,21): error C2065: 'BRICK_X': 선언되지 않은 식별자입니다.
D:\GitHub\Window_programming\window_program_1\Project3-2\3-2.cpp(148,6): error C2065: 'BRICK_X': 선언되지 않은 식별자입니다.
D:\GitHub\Window_programming\window_program_1\Project3-2\3-2.cpp(148,21): error C2065: 'BRICK_X': 선언되지 않은 식별자입니다.
D:\GitHub\Window_programming\window_program_1\Project3-2\3-2.cpp(149,6): error C2065: 'BRICK_X': 선언되지 않은 식별자입니다.
D:\GitHub\Window_programming\window_program_1\Project3-2\3-2.cpp(149,21): error C2065: 'BRICK_X': 선언되지 않은 식별자입니다.
D:\GitHub\Window_programming\window_program_1\Project3-2\3-2.cpp(152,8): error C2065: 'BRICK_X': 선언되지 않은 식별자입니다.
D:\GitHub\Window_programming\window_program_1\Project3-2\3-2.cpp(155,13): error C2065: 'BRICK_X': 선언되지 않은 식별자입니다.
D:\GitHub\Window_programming\window_program_1\Project3-2\3-2.cpp(236,9): error C2065: 'BRICK_X': 선언되지 않은 식별자입니다.
D:\GitHub\Window_programming\window_program_1\Project3-2\3-2.cpp(237,22): error C2065: 'BRICK_X': 선언되지 않은 식별자입니다.
D:\GitHub\Window_programming\window_program_1\Project3-2\3-2.cpp(237,51): error C2065: 'BRICK_X': 선언되지 않은 식별자입니다.
D:\GitHub\Window_programming\window_program_1\Project3-2\3-2.cpp(238,24): error C2065: 'BRICK_X': 선언되지 않은 식별자입니다.
D:\GitHub\Window_programming\window_program_1\Project3-2\3-2.cpp(238,53): error C2065: 'BRICK_X': 선언되지 않은 식별자입니다.
D:\GitHub\Window_programming\window_program_1\Project3-2\3-2.cpp(238,84): error C2065: 'BRICK_X': 선언되지 않은 식별자입니다.
D:\GitHub\Window_programming\window_program_1\Project3-2\3-2.cpp(238,113): error C2065: 'BRICK_X': 선언되지 않은 식별자입니다.
D:\GitHub\Window_programming\window_program_1\Project3-2\3-2.cpp(239,7): error C2065: 'BRICK_X': 선언되지 않은 식별자입니다.
D:\GitHub\Window_programming\window_program_1\Project3-2\3-2.cpp(309,14): error C2065: 'BRICK_X': 선언되지 않은 식별자입니다.
D:\GitHub\Window_programming\window_program_1\Project3-2\3-2.cpp(309,4): error C2660: 'InitBRICK': 함수는 5개의 인수를 사용하지 않습니다.
  D:\GitHub\Window_programming\window_program_1\Project3-2\3-2.cpp(63,6):
  'InitBRICK' 선언을 참조하십시오.
  D:\GitHub\Window_programming\window_program_1\Project3-2\3-2.cpp(309,4):
  인수 목록 '()'을(를) 일치시키는 동안
  
D:\GitHub\Window_programming\window_program_1\Project3-2\3-2.cpp(341,23): error C2065: 'BRICK_X': 선언되지 않은 식별자입니다.
D:\GitHub\Window_programming\window_program_1\Project3-2\3-2.cpp(342,9): error C2065: 'BRICK_X': 선언되지 않은 식별자입니다.
D:\GitHub\Window_programming\window_program_1\Project3-2\3-2.cpp(343,20): error C2065: 'BRICK_X': 선언되지 않은 식별자입니다.
D:\GitHub\Window_programming\window_program_1\Project3-2\3-2.cpp(343,34): error C2065: 'BRICK_X': 선언되지 않은 식별자입니다.
D:\GitHub\Window_programming\window_program_1\Project3-2\3-2.cpp(343,48): error C2065: 'BRICK_X': 선언되지 않은 식별자입니다.
D:\GitHub\Window_programming\window_program_1\Project3-2\3-2.cpp(343,62): error C2065: 'BRICK_X': 선언되지 않은 식별자입니다.
D:\GitHub\Window_programming\window_program_1\Project3-2\3-2.cpp(343,5): error C2660: 'Rectangle': 함수는 1개의 인수를 사용하지 않습니다.
  C:\Program Files (x86)\Windows Kits\10\Include\10.0.22621.0\um\wingdi.h(4561,24):
  'Rectangle' 선언을 참조하십시오.
  D:\GitHub\Window_programming\window_program_1\Project3-2\3-2.cpp(343,5):
  인수 목록 '(HDC)'을(를) 일치시키는 동안
  
